This file contains any messages produced by compilers while
running configure, to aid debugging if configure makes a mistake.

It was created by configure, which was
generated by GNU Autoconf 2.68.  Invocation command line was

  $ ./configure 

## --------- ##
## Platform. ##
## --------- ##

hostname = Ryan-Phillipss-MacBook-Pro.local
uname -m = x86_64
uname -r = 13.2.0
uname -s = Darwin
uname -v = Darwin Kernel Version 13.2.0: Thu Apr 17 23:03:13 PDT 2014; root:xnu-2422.100.13~1/RELEASE_X86_64

/usr/bin/uname -p = i386
/bin/uname -X     = unknown

/bin/arch              = unknown
/usr/bin/arch -k       = unknown
/usr/convex/getsysinfo = unknown
/usr/bin/hostinfo      = Mach kernel version:
	 Darwin Kernel Version 13.2.0: Thu Apr 17 23:03:13 PDT 2014; root:xnu-2422.100.13~1/RELEASE_X86_64
Kernel configured for up to 2 processors.
2 processors are physically available.
2 processors are logically available.
Processor type: i486 (Intel 80486)
Processors active: 0 1
Primary memory available: 4.00 gigabytes
Default processor set: 196 tasks, 842 threads, 2 processors
Load average: 1.72, Mach factor: 0.57
/bin/machine           = unknown
/usr/bin/oslevel       = unknown
/bin/universe          = unknown

PATH: /opt/local/bin
PATH: /opt/local/sbin
PATH: /usr/local/bin
PATH: /usr/bin
PATH: /bin
PATH: /usr/sbin
PATH: /sbin
PATH: /usr/local/bin
PATH: /opt/X11/bin
PATH: /usr/texbin


## ----------- ##
## Core tests. ##
## ----------- ##

configure:2428: checking for a BSD-compatible install
configure:2496: result: /usr/bin/install -c
configure:2507: checking whether build environment is sane
configure:2557: result: yes
configure:2698: checking for a thread-safe mkdir -p
configure:2737: result: ./install-sh -c -d
configure:2750: checking for gawk
configure:2780: result: no
configure:2750: checking for mawk
configure:2780: result: no
configure:2750: checking for nawk
configure:2780: result: no
configure:2750: checking for awk
configure:2766: found /usr/bin/awk
configure:2777: result: awk
configure:2788: checking whether make sets $(MAKE)
configure:2810: result: yes
configure:2955: checking for gcc
configure:2971: found /usr/bin/gcc
configure:2982: result: gcc
configure:3211: checking for C compiler version
configure:3220: gcc --version >&5
Apple LLVM version 5.1 (clang-503.0.40) (based on LLVM 3.4svn)
Target: x86_64-apple-darwin13.2.0
Thread model: posix
Configured with: --prefix=/Applications/Xcode.app/Contents/Developer/usr --with-gxx-include-dir=/usr/include/c++/4.2.1
configure:3231: $? = 0
configure:3220: gcc -v >&5
Configured with: --prefix=/Applications/Xcode.app/Contents/Developer/usr --with-gxx-include-dir=/usr/include/c++/4.2.1
Apple LLVM version 5.1 (clang-503.0.40) (based on LLVM 3.4svn)
Target: x86_64-apple-darwin13.2.0
Thread model: posix
configure:3231: $? = 0
configure:3220: gcc -V >&5
clang: error: argument to '-V' is missing (expected 1 value)
clang: error: no input files
configure:3231: $? = 1
configure:3220: gcc -qversion >&5
clang: error: unknown argument: '-qversion' [-Wunused-command-line-argument-hard-error-in-future]
clang: note: this will be a hard error (cannot be downgraded to a warning) in the future
clang: error: no input files
configure:3231: $? = 1
configure:3251: checking whether the C compiler works
configure:3273: gcc    conftest.c  >&5
configure:3277: $? = 0
configure:3325: result: yes
configure:3328: checking for C compiler default output file name
configure:3330: result: a.out
configure:3336: checking for suffix of executables
configure:3343: gcc -o conftest    conftest.c  >&5
configure:3347: $? = 0
configure:3369: result: 
configure:3391: checking whether we are cross compiling
configure:3399: gcc -o conftest    conftest.c  >&5
configure:3403: $? = 0
configure:3410: ./conftest
configure:3414: $? = 0
configure:3429: result: no
configure:3434: checking for suffix of object files
configure:3456: gcc -c   conftest.c >&5
configure:3460: $? = 0
configure:3481: result: o
configure:3485: checking whether we are using the GNU C compiler
configure:3504: gcc -c   conftest.c >&5
configure:3504: $? = 0
configure:3513: result: yes
configure:3522: checking whether gcc accepts -g
configure:3542: gcc -c -g  conftest.c >&5
configure:3542: $? = 0
configure:3583: result: yes
configure:3600: checking for gcc option to accept ISO C89
configure:3664: gcc  -c   conftest.c >&5
configure:3664: $? = 0
configure:3677: result: none needed
configure:3708: checking for style of include used by make
configure:3736: result: GNU
configure:3762: checking dependency style of gcc
configure:3873: result: gcc3
configure:3889: checking whether gcc and cc understand -c and -o together
configure:3920: gcc -c conftest.c -o conftest2.o >&5
configure:3924: $? = 0
configure:3930: gcc -c conftest.c -o conftest2.o >&5
configure:3934: $? = 0
configure:3945: cc -c conftest.c >&5
configure:3949: $? = 0
configure:3957: cc -c conftest.c -o conftest2.o >&5
configure:3961: $? = 0
configure:3967: cc -c conftest.c -o conftest2.o >&5
configure:3971: $? = 0
configure:3989: result: yes
configure:4019: checking build system type
configure:4033: result: x86_64-apple-darwin13.2.0
configure:4053: checking host system type
configure:4066: result: x86_64-apple-darwin13.2.0
configure:4435: checking how to print strings
configure:4462: result: printf
configure:4483: checking for a sed that does not truncate output
configure:4547: result: /usr/bin/sed
configure:4565: checking for grep that handles long lines and -e
configure:4623: result: /usr/bin/grep
configure:4628: checking for egrep
configure:4690: result: /usr/bin/grep -E
configure:4695: checking for fgrep
configure:4757: result: /usr/bin/grep -F
configure:4792: checking for ld used by gcc
configure:4859: result: /Applications/Xcode.app/Contents/Developer/Toolchains/XcodeDefault.xctoolchain/usr/bin/ld
configure:4866: checking if the linker (/Applications/Xcode.app/Contents/Developer/Toolchains/XcodeDefault.xctoolchain/usr/bin/ld) is GNU ld
configure:4881: result: no
configure:4893: checking for BSD- or MS-compatible name lister (nm)
configure:4942: result: /usr/bin/nm
configure:5072: checking the name lister (/usr/bin/nm) interface
configure:5079: gcc -c   conftest.c >&5
configure:5082: /usr/bin/nm "conftest.o"
configure:5085: output
0000000000000000 S _some_variable
configure:5092: result: BSD nm
configure:5095: checking whether ln -s works
configure:5099: result: yes
configure:5107: checking the maximum length of command line arguments
configure:5237: result: 196608
configure:5254: checking whether the shell understands some XSI constructs
configure:5264: result: yes
configure:5268: checking whether the shell understands "+="
configure:5274: result: yes
configure:5309: checking how to convert x86_64-apple-darwin13.2.0 file names to x86_64-apple-darwin13.2.0 format
configure:5349: result: func_convert_file_noop
configure:5356: checking how to convert x86_64-apple-darwin13.2.0 file names to toolchain format
configure:5376: result: func_convert_file_noop
configure:5383: checking for /Applications/Xcode.app/Contents/Developer/Toolchains/XcodeDefault.xctoolchain/usr/bin/ld option to reload object files
configure:5390: result: -r
configure:5464: checking for objdump
configure:5491: result: objdump
configure:5520: checking how to recognize dependent libraries
configure:5722: result: pass_all
configure:5807: checking for dlltool
configure:5834: result: dlltool
configure:5864: checking how to associate runtime and link libraries
configure:5891: result: printf %s\n
configure:5952: checking for ar
configure:5968: found /usr/bin/ar
configure:5979: result: ar
configure:6016: checking for archiver @FILE support
configure:6033: gcc -c   conftest.c >&5
configure:6033: $? = 0
configure:6036: ar cru libconftest.a @conftest.lst >&5
ar: @conftest.lst: No such file or directory
configure:6039: $? = 1
configure:6059: result: no
configure:6117: checking for strip
configure:6133: found /usr/bin/strip
configure:6144: result: strip
configure:6216: checking for ranlib
configure:6232: found /usr/bin/ranlib
configure:6243: result: ranlib
configure:6345: checking command to parse /usr/bin/nm output from gcc object
configure:6465: gcc -c   conftest.c >&5
configure:6468: $? = 0
configure:6472: /usr/bin/nm conftest.o \| sed -n -e 's/^.*[ ]\([BCDEGRST][BCDEGRST]*\)[ ][ ]*\([_A-Za-z][_A-Za-z0-9]*\)$/\1 \2 \2/p' | sed '/ __gnu_lto/d' \> conftest.nm
configure:6475: $? = 0
cannot find nm_test_var in conftest.nm
configure:6465: gcc -c   conftest.c >&5
configure:6468: $? = 0
configure:6472: /usr/bin/nm conftest.o \| sed -n -e 's/^.*[ ]\([BCDEGRST][BCDEGRST]*\)[ ][ ]*_\([_A-Za-z][_A-Za-z0-9]*\)$/\1 _\2 \2/p' | sed '/ __gnu_lto/d' \> conftest.nm
configure:6475: $? = 0
configure:6541: gcc -o conftest    conftest.c conftstm.o >&5
configure:6544: $? = 0
configure:6582: result: ok
configure:6619: checking for sysroot
configure:6649: result: no
configure:6905: checking for mt
configure:6935: result: no
configure:6955: checking if : is a manifest tool
configure:6961: : '-?'
configure:6969: result: no
configure:7025: checking for dsymutil
configure:7041: found /usr/bin/dsymutil
configure:7052: result: dsymutil
configure:7117: checking for nmedit
configure:7133: found /usr/bin/nmedit
configure:7144: result: nmedit
configure:7209: checking for lipo
configure:7225: found /usr/bin/lipo
configure:7236: result: lipo
configure:7301: checking for otool
configure:7317: found /usr/bin/otool
configure:7328: result: otool
configure:7393: checking for otool64
configure:7423: result: no
configure:7468: checking for -single_module linker flag
gcc   -o libconftest.dylib -dynamiclib -Wl,-single_module conftest.c
configure:7501: result: yes
configure:7504: checking for -exported_symbols_list linker flag
configure:7524: gcc -o conftest    -Wl,-exported_symbols_list,conftest.sym conftest.c  >&5
configure:7524: $? = 0
configure:7534: result: yes
configure:7537: checking for -force_load linker flag
gcc  -c -o conftest.o conftest.c
ar cru libconftest.a conftest.o
ranlib libconftest.a
gcc   -o conftest conftest.c -Wl,-force_load,./libconftest.a
configure:7569: result: yes
configure:7611: checking how to run the C preprocessor
configure:7642: gcc -E  conftest.c
configure:7642: $? = 0
configure:7656: gcc -E  conftest.c
conftest.c:11:10: fatal error: 'ac_nonexistent.h' file not found
#include <ac_nonexistent.h>
         ^
1 error generated.
configure:7656: $? = 1
configure: failed program was:
| /* confdefs.h */
| #define PACKAGE_NAME ""
| #define PACKAGE_TARNAME ""
| #define PACKAGE_VERSION ""
| #define PACKAGE_STRING ""
| #define PACKAGE_BUGREPORT ""
| #define PACKAGE_URL ""
| #define PACKAGE "fluidsynth"
| #define VERSION "1.1.6"
| /* end confdefs.h.  */
| #include <ac_nonexistent.h>
configure:7681: result: gcc -E
configure:7701: gcc -E  conftest.c
configure:7701: $? = 0
configure:7715: gcc -E  conftest.c
conftest.c:11:10: fatal error: 'ac_nonexistent.h' file not found
#include <ac_nonexistent.h>
         ^
1 error generated.
configure:7715: $? = 1
configure: failed program was:
| /* confdefs.h */
| #define PACKAGE_NAME ""
| #define PACKAGE_TARNAME ""
| #define PACKAGE_VERSION ""
| #define PACKAGE_STRING ""
| #define PACKAGE_BUGREPORT ""
| #define PACKAGE_URL ""
| #define PACKAGE "fluidsynth"
| #define VERSION "1.1.6"
| /* end confdefs.h.  */
| #include <ac_nonexistent.h>
configure:7744: checking for ANSI C header files
configure:7764: gcc -c   conftest.c >&5
configure:7764: $? = 0
configure:7837: gcc -o conftest    conftest.c  >&5
configure:7837: $? = 0
configure:7837: ./conftest
configure:7837: $? = 0
configure:7848: result: yes
configure:7861: checking for sys/types.h
configure:7861: gcc -c   conftest.c >&5
configure:7861: $? = 0
configure:7861: result: yes
configure:7861: checking for sys/stat.h
configure:7861: gcc -c   conftest.c >&5
configure:7861: $? = 0
configure:7861: result: yes
configure:7861: checking for stdlib.h
configure:7861: gcc -c   conftest.c >&5
configure:7861: $? = 0
configure:7861: result: yes
configure:7861: checking for string.h
configure:7861: gcc -c   conftest.c >&5
configure:7861: $? = 0
configure:7861: result: yes
configure:7861: checking for memory.h
configure:7861: gcc -c   conftest.c >&5
configure:7861: $? = 0
configure:7861: result: yes
configure:7861: checking for strings.h
configure:7861: gcc -c   conftest.c >&5
configure:7861: $? = 0
configure:7861: result: yes
configure:7861: checking for inttypes.h
configure:7861: gcc -c   conftest.c >&5
configure:7861: $? = 0
configure:7861: result: yes
configure:7861: checking for stdint.h
configure:7861: gcc -c   conftest.c >&5
configure:7861: $? = 0
configure:7861: result: yes
configure:7861: checking for unistd.h
configure:7861: gcc -c   conftest.c >&5
configure:7861: $? = 0
configure:7861: result: yes
configure:7875: checking for dlfcn.h
configure:7875: gcc -c   conftest.c >&5
configure:7875: $? = 0
configure:7875: result: yes
configure:8079: checking for objdir
configure:8094: result: .libs
configure:8361: checking if gcc supports -fno-rtti -fno-exceptions
configure:8379: gcc -c   -fno-rtti -fno-exceptions conftest.c >&5
configure:8383: $? = 0
configure:8396: result: yes
configure:8723: checking for gcc option to produce PIC
configure:8730: result: -fno-common -DPIC
configure:8738: checking if gcc PIC flag -fno-common -DPIC works
configure:8756: gcc -c   -fno-common -DPIC -DPIC conftest.c >&5
configure:8760: $? = 0
configure:8773: result: yes
configure:8802: checking if gcc static flag -static works
configure:8830: result: no
configure:8845: checking if gcc supports -c -o file.o
configure:8866: gcc -c   -o out/conftest2.o conftest.c >&5
configure:8870: $? = 0
configure:8892: result: yes
configure:8900: checking if gcc supports -c -o file.o
configure:8947: result: yes
configure:8980: checking whether the gcc linker (/Applications/Xcode.app/Contents/Developer/Toolchains/XcodeDefault.xctoolchain/usr/bin/ld) supports shared libraries
configure:10137: result: yes
configure:10377: checking dynamic linker characteristics
configure:11122: result: darwin13.2.0 dyld
configure:11229: checking how to hardcode library paths into programs
configure:11254: result: immediate
configure:11794: checking whether stripping libraries is possible
configure:11808: result: yes
configure:11834: checking if libtool supports shared libraries
configure:11836: result: yes
configure:11839: checking whether to build shared libraries
configure:11860: result: yes
configure:11863: checking whether to build static libraries
configure:11867: result: yes
configure:11904: checking whether make sets $(MAKE)
configure:11926: result: yes
configure:11936: checking for pthread_create in -lpthread
configure:11961: gcc -o conftest    conftest.c -lpthread   >&5
configure:11961: $? = 0
configure:11970: result: yes
configure:11982: checking for ANSI C header files
configure:12086: result: yes
configure:12097: checking for string.h
configure:12097: result: yes
configure:12097: checking for stdlib.h
configure:12097: result: yes
configure:12097: checking stdio.h usability
configure:12097: gcc -c   conftest.c >&5
configure:12097: $? = 0
configure:12097: result: yes
configure:12097: checking stdio.h presence
configure:12097: gcc -E  conftest.c
configure:12097: $? = 0
configure:12097: result: yes
configure:12097: checking for stdio.h
configure:12097: result: yes
configure:12097: checking math.h usability
configure:12097: gcc -c   conftest.c >&5
configure:12097: $? = 0
configure:12097: result: yes
configure:12097: checking math.h presence
configure:12097: gcc -E  conftest.c
configure:12097: $? = 0
configure:12097: result: yes
configure:12097: checking for math.h
configure:12097: result: yes
configure:12097: checking errno.h usability
configure:12097: gcc -c   conftest.c >&5
configure:12097: $? = 0
configure:12097: result: yes
configure:12097: checking errno.h presence
configure:12097: gcc -E  conftest.c
configure:12097: $? = 0
configure:12097: result: yes
configure:12097: checking for errno.h
configure:12097: result: yes
configure:12097: checking stdarg.h usability
configure:12097: gcc -c   conftest.c >&5
configure:12097: $? = 0
configure:12097: result: yes
configure:12097: checking stdarg.h presence
configure:12097: gcc -E  conftest.c
configure:12097: $? = 0
configure:12097: result: yes
configure:12097: checking for stdarg.h
configure:12097: result: yes
configure:12097: checking for unistd.h
configure:12097: result: yes
configure:12097: checking sys/mman.h usability
configure:12097: gcc -c   conftest.c >&5
configure:12097: $? = 0
configure:12097: result: yes
configure:12097: checking sys/mman.h presence
configure:12097: gcc -E  conftest.c
configure:12097: $? = 0
configure:12097: result: yes
configure:12097: checking for sys/mman.h
configure:12097: result: yes
configure:12097: checking for sys/types.h
configure:12097: result: yes
configure:12097: checking sys/time.h usability
configure:12097: gcc -c   conftest.c >&5
configure:12097: $? = 0
configure:12097: result: yes
configure:12097: checking sys/time.h presence
configure:12097: gcc -E  conftest.c
configure:12097: $? = 0
configure:12097: result: yes
configure:12097: checking for sys/time.h
configure:12097: result: yes
configure:12097: checking for sys/stat.h
configure:12097: result: yes
configure:12097: checking fcntl.h usability
configure:12097: gcc -c   conftest.c >&5
configure:12097: $? = 0
configure:12097: result: yes
configure:12097: checking fcntl.h presence
configure:12097: gcc -E  conftest.c
configure:12097: $? = 0
configure:12097: result: yes
configure:12097: checking for fcntl.h
configure:12097: result: yes
configure:12097: checking sys/socket.h usability
configure:12097: gcc -c   conftest.c >&5
configure:12097: $? = 0
configure:12097: result: yes
configure:12097: checking sys/socket.h presence
configure:12097: gcc -E  conftest.c
configure:12097: $? = 0
configure:12097: result: yes
configure:12097: checking for sys/socket.h
configure:12097: result: yes
configure:12097: checking netinet/in.h usability
configure:12097: gcc -c   conftest.c >&5
configure:12097: $? = 0
configure:12097: result: yes
configure:12097: checking netinet/in.h presence
configure:12097: gcc -E  conftest.c
configure:12097: $? = 0
configure:12097: result: yes
configure:12097: checking for netinet/in.h
configure:12097: result: yes
configure:12097: checking netinet/tcp.h usability
configure:12097: gcc -c   conftest.c >&5
configure:12097: $? = 0
configure:12097: result: yes
configure:12097: checking netinet/tcp.h presence
configure:12097: gcc -E  conftest.c
configure:12097: $? = 0
configure:12097: result: yes
configure:12097: checking for netinet/tcp.h
configure:12097: result: yes
configure:12097: checking arpa/inet.h usability
configure:12097: gcc -c   conftest.c >&5
configure:12097: $? = 0
configure:12097: result: yes
configure:12097: checking arpa/inet.h presence
configure:12097: gcc -E  conftest.c
configure:12097: $? = 0
configure:12097: result: yes
configure:12097: checking for arpa/inet.h
configure:12097: result: yes
configure:12097: checking limits.h usability
configure:12097: gcc -c   conftest.c >&5
configure:12097: $? = 0
configure:12097: result: yes
configure:12097: checking limits.h presence
configure:12097: gcc -E  conftest.c
configure:12097: $? = 0
configure:12097: result: yes
configure:12097: checking for limits.h
configure:12097: result: yes
configure:12097: checking pthread.h usability
configure:12097: gcc -c   conftest.c >&5
configure:12097: $? = 0
configure:12097: result: yes
configure:12097: checking pthread.h presence
configure:12097: gcc -E  conftest.c
configure:12097: $? = 0
configure:12097: result: yes
configure:12097: checking for pthread.h
configure:12097: result: yes
configure:12097: checking signal.h usability
configure:12097: gcc -c   conftest.c >&5
configure:12097: $? = 0
configure:12097: result: yes
configure:12097: checking signal.h presence
configure:12097: gcc -E  conftest.c
configure:12097: $? = 0
configure:12097: result: yes
configure:12097: checking for signal.h
configure:12097: result: yes
configure:12097: checking windows.h usability
configure:12097: gcc -c   conftest.c >&5
conftest.c:77:10: fatal error: 'windows.h' file not found
#include <windows.h>
         ^
1 error generated.
configure:12097: $? = 1
configure: failed program was:
| /* confdefs.h */
| #define PACKAGE_NAME ""
| #define PACKAGE_TARNAME ""
| #define PACKAGE_VERSION ""
| #define PACKAGE_STRING ""
| #define PACKAGE_BUGREPORT ""
| #define PACKAGE_URL ""
| #define PACKAGE "fluidsynth"
| #define VERSION "1.1.6"
| #define STDC_HEADERS 1
| #define HAVE_SYS_TYPES_H 1
| #define HAVE_SYS_STAT_H 1
| #define HAVE_STDLIB_H 1
| #define HAVE_STRING_H 1
| #define HAVE_MEMORY_H 1
| #define HAVE_STRINGS_H 1
| #define HAVE_INTTYPES_H 1
| #define HAVE_STDINT_H 1
| #define HAVE_UNISTD_H 1
| #define HAVE_DLFCN_H 1
| #define LT_OBJDIR ".libs/"
| #define HAVE_LIBPTHREAD 1
| #define STDC_HEADERS 1
| #define HAVE_STRING_H 1
| #define HAVE_STDLIB_H 1
| #define HAVE_STDIO_H 1
| #define HAVE_MATH_H 1
| #define HAVE_ERRNO_H 1
| #define HAVE_STDARG_H 1
| #define HAVE_UNISTD_H 1
| #define HAVE_SYS_MMAN_H 1
| #define HAVE_SYS_TYPES_H 1
| #define HAVE_SYS_TIME_H 1
| #define HAVE_SYS_STAT_H 1
| #define HAVE_FCNTL_H 1
| #define HAVE_SYS_SOCKET_H 1
| #define HAVE_NETINET_IN_H 1
| #define HAVE_NETINET_TCP_H 1
| #define HAVE_ARPA_INET_H 1
| #define HAVE_LIMITS_H 1
| #define HAVE_PTHREAD_H 1
| #define HAVE_SIGNAL_H 1
| /* end confdefs.h.  */
| #include <stdio.h>
| #ifdef HAVE_SYS_TYPES_H
| # include <sys/types.h>
| #endif
| #ifdef HAVE_SYS_STAT_H
| # include <sys/stat.h>
| #endif
| #ifdef STDC_HEADERS
| # include <stdlib.h>
| # include <stddef.h>
| #else
| # ifdef HAVE_STDLIB_H
| #  include <stdlib.h>
| # endif
| #endif
| #ifdef HAVE_STRING_H
| # if !defined STDC_HEADERS && defined HAVE_MEMORY_H
| #  include <memory.h>
| # endif
| # include <string.h>
| #endif
| #ifdef HAVE_STRINGS_H
| # include <strings.h>
| #endif
| #ifdef HAVE_INTTYPES_H
| # include <inttypes.h>
| #endif
| #ifdef HAVE_STDINT_H
| # include <stdint.h>
| #endif
| #ifdef HAVE_UNISTD_H
| # include <unistd.h>
| #endif
| #include <windows.h>
configure:12097: result: no
configure:12097: checking windows.h presence
configure:12097: gcc -E  conftest.c
conftest.c:44:10: fatal error: 'windows.h' file not found
#include <windows.h>
         ^
1 error generated.
configure:12097: $? = 1
configure: failed program was:
| /* confdefs.h */
| #define PACKAGE_NAME ""
| #define PACKAGE_TARNAME ""
| #define PACKAGE_VERSION ""
| #define PACKAGE_STRING ""
| #define PACKAGE_BUGREPORT ""
| #define PACKAGE_URL ""
| #define PACKAGE "fluidsynth"
| #define VERSION "1.1.6"
| #define STDC_HEADERS 1
| #define HAVE_SYS_TYPES_H 1
| #define HAVE_SYS_STAT_H 1
| #define HAVE_STDLIB_H 1
| #define HAVE_STRING_H 1
| #define HAVE_MEMORY_H 1
| #define HAVE_STRINGS_H 1
| #define HAVE_INTTYPES_H 1
| #define HAVE_STDINT_H 1
| #define HAVE_UNISTD_H 1
| #define HAVE_DLFCN_H 1
| #define LT_OBJDIR ".libs/"
| #define HAVE_LIBPTHREAD 1
| #define STDC_HEADERS 1
| #define HAVE_STRING_H 1
| #define HAVE_STDLIB_H 1
| #define HAVE_STDIO_H 1
| #define HAVE_MATH_H 1
| #define HAVE_ERRNO_H 1
| #define HAVE_STDARG_H 1
| #define HAVE_UNISTD_H 1
| #define HAVE_SYS_MMAN_H 1
| #define HAVE_SYS_TYPES_H 1
| #define HAVE_SYS_TIME_H 1
| #define HAVE_SYS_STAT_H 1
| #define HAVE_FCNTL_H 1
| #define HAVE_SYS_SOCKET_H 1
| #define HAVE_NETINET_IN_H 1
| #define HAVE_NETINET_TCP_H 1
| #define HAVE_ARPA_INET_H 1
| #define HAVE_LIMITS_H 1
| #define HAVE_PTHREAD_H 1
| #define HAVE_SIGNAL_H 1
| /* end confdefs.h.  */
| #include <windows.h>
configure:12097: result: no
configure:12097: checking for windows.h
configure:12097: result: no
configure:12108: checking for inline
configure:12124: gcc -c   conftest.c >&5
configure:12124: $? = 0
configure:12132: result: inline
configure:12150: checking whether byte ordering is bigendian
configure:12165: gcc -c   conftest.c >&5
configure:12165: $? = 0
configure:12210: gcc -c   conftest.c >&5
configure:12210: $? = 0
configure:12228: gcc -c   conftest.c >&5
conftest.c:51:4: error: use of undeclared identifier 'not'
                 not big endian
                 ^
1 error generated.
configure:12228: $? = 1
configure: failed program was:
| /* confdefs.h */
| #define PACKAGE_NAME ""
| #define PACKAGE_TARNAME ""
| #define PACKAGE_VERSION ""
| #define PACKAGE_STRING ""
| #define PACKAGE_BUGREPORT ""
| #define PACKAGE_URL ""
| #define PACKAGE "fluidsynth"
| #define VERSION "1.1.6"
| #define STDC_HEADERS 1
| #define HAVE_SYS_TYPES_H 1
| #define HAVE_SYS_STAT_H 1
| #define HAVE_STDLIB_H 1
| #define HAVE_STRING_H 1
| #define HAVE_MEMORY_H 1
| #define HAVE_STRINGS_H 1
| #define HAVE_INTTYPES_H 1
| #define HAVE_STDINT_H 1
| #define HAVE_UNISTD_H 1
| #define HAVE_DLFCN_H 1
| #define LT_OBJDIR ".libs/"
| #define HAVE_LIBPTHREAD 1
| #define STDC_HEADERS 1
| #define HAVE_STRING_H 1
| #define HAVE_STDLIB_H 1
| #define HAVE_STDIO_H 1
| #define HAVE_MATH_H 1
| #define HAVE_ERRNO_H 1
| #define HAVE_STDARG_H 1
| #define HAVE_UNISTD_H 1
| #define HAVE_SYS_MMAN_H 1
| #define HAVE_SYS_TYPES_H 1
| #define HAVE_SYS_TIME_H 1
| #define HAVE_SYS_STAT_H 1
| #define HAVE_FCNTL_H 1
| #define HAVE_SYS_SOCKET_H 1
| #define HAVE_NETINET_IN_H 1
| #define HAVE_NETINET_TCP_H 1
| #define HAVE_ARPA_INET_H 1
| #define HAVE_LIMITS_H 1
| #define HAVE_PTHREAD_H 1
| #define HAVE_SIGNAL_H 1
| /* end confdefs.h.  */
| #include <sys/types.h>
| 		#include <sys/param.h>
| 
| int
| main ()
| {
| #if BYTE_ORDER != BIG_ENDIAN
| 		 not big endian
| 		#endif
| 
|   ;
|   return 0;
| }
configure:12356: result: no
configure:12408: checking if the linker (/Applications/Xcode.app/Contents/Developer/Toolchains/XcodeDefault.xctoolchain/usr/bin/ld) is GNU ld
configure:12421: result: no
configure:12631: checking for pkg-config
configure:12649: found /usr/local/bin/pkg-config
configure:12661: result: /usr/local/bin/pkg-config
configure:12686: checking pkg-config is at least version 0.9.0
configure:12689: result: yes
configure:12699: checking for GLIB
configure:12706: $PKG_CONFIG --exists --print-errors "glib-2.0 >= 2.6.5 gthread-2.0 >= 2.6.5"
Package glib-2.0 was not found in the pkg-config search path.
Perhaps you should add the directory containing `glib-2.0.pc'
to the PKG_CONFIG_PATH environment variable
No package 'glib-2.0' found
Package gthread-2.0 was not found in the pkg-config search path.
Perhaps you should add the directory containing `gthread-2.0.pc'
to the PKG_CONFIG_PATH environment variable
No package 'gthread-2.0' found
configure:12709: $? = 1
configure:12723: $PKG_CONFIG --exists --print-errors "glib-2.0 >= 2.6.5 gthread-2.0 >= 2.6.5"
Package glib-2.0 was not found in the pkg-config search path.
Perhaps you should add the directory containing `glib-2.0.pc'
to the PKG_CONFIG_PATH environment variable
No package 'glib-2.0' found
Package gthread-2.0 was not found in the pkg-config search path.
Perhaps you should add the directory containing `gthread-2.0.pc'
to the PKG_CONFIG_PATH environment variable
No package 'gthread-2.0' found
configure:12726: $? = 1
configure:12740: result: no
No package 'glib-2.0' found
No package 'gthread-2.0' found
configure:12756: error: Package requirements (glib-2.0 >= 2.6.5 gthread-2.0 >= 2.6.5) were not met:

No package 'glib-2.0' found
No package 'gthread-2.0' found

Consider adjusting the PKG_CONFIG_PATH environment variable if you
installed software in a non-standard prefix.

Alternatively, you may set the environment variables GLIB_CFLAGS
and GLIB_LIBS to avoid the need to call pkg-config.
See the pkg-config man page for more details.

## ---------------- ##
## Cache variables. ##
## ---------------- ##

ac_cv_build=x86_64-apple-darwin13.2.0
ac_cv_c_bigendian=no
ac_cv_c_compiler_gnu=yes
ac_cv_c_inline=inline
ac_cv_env_ALSA_CFLAGS_set=
ac_cv_env_ALSA_CFLAGS_value=
ac_cv_env_ALSA_LIBS_set=
ac_cv_env_ALSA_LIBS_value=
ac_cv_env_CC_set=
ac_cv_env_CC_value=
ac_cv_env_CFLAGS_set=
ac_cv_env_CFLAGS_value=
ac_cv_env_CPPFLAGS_set=
ac_cv_env_CPPFLAGS_value=
ac_cv_env_CPP_set=
ac_cv_env_CPP_value=
ac_cv_env_DBUS_CFLAGS_set=
ac_cv_env_DBUS_CFLAGS_value=
ac_cv_env_DBUS_LIBS_set=
ac_cv_env_DBUS_LIBS_value=
ac_cv_env_GLIB_CFLAGS_set=
ac_cv_env_GLIB_CFLAGS_value=
ac_cv_env_GLIB_LIBS_set=
ac_cv_env_GLIB_LIBS_value=
ac_cv_env_JACK_CFLAGS_set=
ac_cv_env_JACK_CFLAGS_value=
ac_cv_env_JACK_LIBS_set=
ac_cv_env_JACK_LIBS_value=
ac_cv_env_LADCCA_CFLAGS_set=
ac_cv_env_LADCCA_CFLAGS_value=
ac_cv_env_LADCCA_LIBS_set=
ac_cv_env_LADCCA_LIBS_value=
ac_cv_env_LASH_CFLAGS_set=
ac_cv_env_LASH_CFLAGS_value=
ac_cv_env_LASH_LIBS_set=
ac_cv_env_LASH_LIBS_value=
ac_cv_env_LDFLAGS_set=
ac_cv_env_LDFLAGS_value=
ac_cv_env_LIBSNDFILE_CFLAGS_set=
ac_cv_env_LIBSNDFILE_CFLAGS_value=
ac_cv_env_LIBSNDFILE_LIBS_set=
ac_cv_env_LIBSNDFILE_LIBS_value=
ac_cv_env_LIBSNDFILE_VORBIS_CFLAGS_set=
ac_cv_env_LIBSNDFILE_VORBIS_CFLAGS_value=
ac_cv_env_LIBSNDFILE_VORBIS_LIBS_set=
ac_cv_env_LIBSNDFILE_VORBIS_LIBS_value=
ac_cv_env_LIBS_set=
ac_cv_env_LIBS_value=
ac_cv_env_PKG_CONFIG_LIBDIR_set=
ac_cv_env_PKG_CONFIG_LIBDIR_value=
ac_cv_env_PKG_CONFIG_PATH_set=
ac_cv_env_PKG_CONFIG_PATH_value=
ac_cv_env_PKG_CONFIG_set=
ac_cv_env_PKG_CONFIG_value=
ac_cv_env_PORTAUDIO_CFLAGS_set=
ac_cv_env_PORTAUDIO_CFLAGS_value=
ac_cv_env_PORTAUDIO_LIBS_set=
ac_cv_env_PORTAUDIO_LIBS_value=
ac_cv_env_PULSE_CFLAGS_set=
ac_cv_env_PULSE_CFLAGS_value=
ac_cv_env_PULSE_LIBS_set=
ac_cv_env_PULSE_LIBS_value=
ac_cv_env_build_alias_set=
ac_cv_env_build_alias_value=
ac_cv_env_host_alias_set=
ac_cv_env_host_alias_value=
ac_cv_env_target_alias_set=
ac_cv_env_target_alias_value=
ac_cv_header_arpa_inet_h=yes
ac_cv_header_dlfcn_h=yes
ac_cv_header_errno_h=yes
ac_cv_header_fcntl_h=yes
ac_cv_header_inttypes_h=yes
ac_cv_header_limits_h=yes
ac_cv_header_math_h=yes
ac_cv_header_memory_h=yes
ac_cv_header_netinet_in_h=yes
ac_cv_header_netinet_tcp_h=yes
ac_cv_header_pthread_h=yes
ac_cv_header_signal_h=yes
ac_cv_header_stdarg_h=yes
ac_cv_header_stdc=yes
ac_cv_header_stdint_h=yes
ac_cv_header_stdio_h=yes
ac_cv_header_stdlib_h=yes
ac_cv_header_string_h=yes
ac_cv_header_strings_h=yes
ac_cv_header_sys_mman_h=yes
ac_cv_header_sys_socket_h=yes
ac_cv_header_sys_stat_h=yes
ac_cv_header_sys_time_h=yes
ac_cv_header_sys_types_h=yes
ac_cv_header_unistd_h=yes
ac_cv_header_windows_h=no
ac_cv_host=x86_64-apple-darwin13.2.0
ac_cv_lib_pthread_pthread_create=yes
ac_cv_objext=o
ac_cv_path_EGREP='/usr/bin/grep -E'
ac_cv_path_FGREP='/usr/bin/grep -F'
ac_cv_path_GREP=/usr/bin/grep
ac_cv_path_SED=/usr/bin/sed
ac_cv_path_ac_pt_PKG_CONFIG=/usr/local/bin/pkg-config
ac_cv_path_install='/usr/bin/install -c'
ac_cv_prog_AWK=awk
ac_cv_prog_CPP='gcc -E'
ac_cv_prog_ac_ct_AR=ar
ac_cv_prog_ac_ct_CC=gcc
ac_cv_prog_ac_ct_DLLTOOL=dlltool
ac_cv_prog_ac_ct_DSYMUTIL=dsymutil
ac_cv_prog_ac_ct_LIPO=lipo
ac_cv_prog_ac_ct_NMEDIT=nmedit
ac_cv_prog_ac_ct_OBJDUMP=objdump
ac_cv_prog_ac_ct_OTOOL=otool
ac_cv_prog_ac_ct_RANLIB=ranlib
ac_cv_prog_ac_ct_STRIP=strip
ac_cv_prog_cc_c89=
ac_cv_prog_cc_g=yes
ac_cv_prog_cc_gcc_c_o=yes
ac_cv_prog_make_make_set=yes
acl_cv_prog_gnu_ld=no
am_cv_CC_dependencies_compiler_type=gcc3
lt_cv_apple_cc_single_mod=yes
lt_cv_ar_at_file=no
lt_cv_deplibs_check_method=pass_all
lt_cv_file_magic_cmd='$MAGIC_CMD'
lt_cv_file_magic_test_file=
lt_cv_ld_exported_symbols_list=yes
lt_cv_ld_force_load=yes
lt_cv_ld_reload_flag=-r
lt_cv_nm_interface='BSD nm'
lt_cv_objdir=.libs
lt_cv_path_LD=/Applications/Xcode.app/Contents/Developer/Toolchains/XcodeDefault.xctoolchain/usr/bin/ld
lt_cv_path_NM=/usr/bin/nm
lt_cv_path_mainfest_tool=no
lt_cv_prog_compiler_c_o=yes
lt_cv_prog_compiler_pic='-fno-common -DPIC'
lt_cv_prog_compiler_pic_works=yes
lt_cv_prog_compiler_rtti_exceptions=yes
lt_cv_prog_compiler_static_works=no
lt_cv_prog_gnu_ld=no
lt_cv_sharedlib_from_linklib_cmd='printf %s\n'
lt_cv_sys_global_symbol_pipe='sed -n -e '\''s/^.*[	 ]\([BCDEGRST][BCDEGRST]*\)[	 ][	 ]*_\([_A-Za-z][_A-Za-z0-9]*\)$/\1 _\2 \2/p'\'' | sed '\''/ __gnu_lto/d'\'''
lt_cv_sys_global_symbol_to_c_name_address='sed -n -e '\''s/^: \([^ ]*\)[ ]*$/  {\"\1\", (void *) 0},/p'\'' -e '\''s/^[BCDEGRST]* \([^ ]*\) \([^ ]*\)$/  {"\2", (void *) \&\2},/p'\'''
lt_cv_sys_global_symbol_to_c_name_address_lib_prefix='sed -n -e '\''s/^: \([^ ]*\)[ ]*$/  {\"\1\", (void *) 0},/p'\'' -e '\''s/^[BCDEGRST]* \([^ ]*\) \(lib[^ ]*\)$/  {"\2", (void *) \&\2},/p'\'' -e '\''s/^[BCDEGRST]* \([^ ]*\) \([^ ]*\)$/  {"lib\2", (void *) \&\2},/p'\'''
lt_cv_sys_global_symbol_to_cdecl='sed -n -e '\''s/^T .* \(.*\)$/extern int \1();/p'\'' -e '\''s/^[BCDEGRST]* .* \(.*\)$/extern char \1;/p'\'''
lt_cv_sys_max_cmd_len=196608
lt_cv_to_host_file_cmd=func_convert_file_noop
lt_cv_to_tool_file_cmd=func_convert_file_noop

## ----------------- ##
## Output variables. ##
## ----------------- ##

ACLOCAL='${SHELL} /Users/ryanphillips/Github/music_gen/fluidsynth/missing --run aclocal-1.11'
ALSA_CFLAGS=''
ALSA_LIBS=''
ALSA_SUPPORT_FALSE=''
ALSA_SUPPORT_TRUE=''
AMDEPBACKSLASH='\'
AMDEP_FALSE='#'
AMDEP_TRUE=''
AMTAR='$${TAR-tar}'
AR='ar'
AS='as'
AUTOCONF='${SHELL} /Users/ryanphillips/Github/music_gen/fluidsynth/missing --run autoconf'
AUTOHEADER='${SHELL} /Users/ryanphillips/Github/music_gen/fluidsynth/missing --run autoheader'
AUTOMAKE='${SHELL} /Users/ryanphillips/Github/music_gen/fluidsynth/missing --run automake-1.11'
AWK='awk'
CC='gcc'
CCDEPMODE='depmode=gcc3'
CFLAGS='  -O2 -fomit-frame-pointer -funroll-all-loops -finline-functions -Wall -W -Wpointer-arith -Wbad-function-cast -Wcast-qual -Wcast-align -Wstrict-prototypes -Winline -Wno-unused-parameter -Wno-cast-qual'
COREAUDIO_LIBS=''
COREAUDIO_SUPPORT_FALSE=''
COREAUDIO_SUPPORT_TRUE=''
COREMIDI_LIBS=''
COREMIDI_SUPPORT_FALSE=''
COREMIDI_SUPPORT_TRUE=''
CPP='gcc -E'
CPPFLAGS=''
CYGPATH_W='echo'
DART_CFLAGS=''
DART_LIBS=''
DART_SUPPORT_FALSE=''
DART_SUPPORT_TRUE=''
DBUS_CFLAGS=''
DBUS_LIBS=''
DBUS_SUPPORT_FALSE=''
DBUS_SUPPORT_TRUE=''
DEFS=''
DEPDIR='.deps'
DLLTOOL='dlltool'
DSYMUTIL='dsymutil'
DUMPBIN=''
ECHO_C='\c'
ECHO_N=''
ECHO_T=''
EGREP='/usr/bin/grep -E'
EXEEXT=''
FGREP='/usr/bin/grep -F'
FLUIDSYNTH_VERSION='"1.1.6"'
FLUIDSYNTH_VERSION_MAJOR='1'
FLUIDSYNTH_VERSION_MICRO='6'
FLUIDSYNTH_VERSION_MINOR='1'
FLUID_CPPFLAGS=''
GLIB_CFLAGS=''
GLIB_LIBS=''
GNU_LD_SUPPORT_FALSE=''
GNU_LD_SUPPORT_TRUE='#'
GREP='/usr/bin/grep'
INSTALL_DATA='${INSTALL} -m 644'
INSTALL_PROGRAM='${INSTALL}'
INSTALL_SCRIPT='${INSTALL}'
INSTALL_STRIP_PROGRAM='$(install_sh) -c -s'
JACK_CFLAGS=''
JACK_LIBS=''
JACK_SUPPORT_FALSE=''
JACK_SUPPORT_TRUE=''
LADCCA_CFLAGS=''
LADCCA_LIBS=''
LADCCA_SUPPORT_FALSE=''
LADCCA_SUPPORT_TRUE=''
LASH_CFLAGS=''
LASH_LIBS=''
LASH_SUPPORT_FALSE=''
LASH_SUPPORT_TRUE=''
LD='/Applications/Xcode.app/Contents/Developer/Toolchains/XcodeDefault.xctoolchain/usr/bin/ld'
LDFLAGS=''
LIBFLUID_CPPFLAGS=''
LIBFLUID_LDFLAGS=''
LIBFLUID_LIBS='-lm'
LIBOBJS=''
LIBS='-lpthread '
LIBSNDFILE_CFLAGS=''
LIBSNDFILE_HASVORBIS_FALSE=''
LIBSNDFILE_HASVORBIS_TRUE=''
LIBSNDFILE_LIBS=''
LIBSNDFILE_SUPPORT_FALSE=''
LIBSNDFILE_SUPPORT_TRUE=''
LIBSNDFILE_VORBIS_CFLAGS=''
LIBSNDFILE_VORBIS_LIBS=''
LIBTOOL='$(SHELL) $(top_builddir)/libtool'
LIPO='lipo'
LN_S='ln -s'
LTLIBOBJS=''
LT_VERSION_INFO='6:2:5'
MAKEINFO='${SHELL} /Users/ryanphillips/Github/music_gen/fluidsynth/missing --run makeinfo'
MANIFEST_TOOL=':'
MINGW32_SUPPORT_FALSE=''
MINGW32_SUPPORT_TRUE='#'
MKDIR_P='./install-sh -c -d'
NM='/usr/bin/nm'
NMEDIT='nmedit'
OBJDUMP='objdump'
OBJEXT='o'
OSS_SUPPORT_FALSE=''
OSS_SUPPORT_TRUE=''
OTOOL64=':'
OTOOL='otool'
PACKAGE='fluidsynth'
PACKAGE_BUGREPORT=''
PACKAGE_NAME=''
PACKAGE_STRING=''
PACKAGE_TARNAME=''
PACKAGE_URL=''
PACKAGE_VERSION=''
PATH_SEPARATOR=':'
PKG_CONFIG='/usr/local/bin/pkg-config'
PKG_CONFIG_LIBDIR=''
PKG_CONFIG_PATH=''
PORTAUDIO_CFLAGS=''
PORTAUDIO_LIBS=''
PORTAUDIO_SUPPORT_FALSE=''
PORTAUDIO_SUPPORT_TRUE=''
PULSE_CFLAGS=''
PULSE_LIBS=''
PULSE_SUPPORT_FALSE=''
PULSE_SUPPORT_TRUE=''
RANLIB='ranlib'
READLINE_CFLAGS=''
READLINE_LIBS=''
SED='/usr/bin/sed'
SET_MAKE=''
SHELL='/bin/sh'
STRIP='strip'
VERSION='1.1.6'
ac_ct_AR='ar'
ac_ct_CC='gcc'
ac_ct_DUMPBIN=''
am__EXEEXT_FALSE=''
am__EXEEXT_TRUE=''
am__fastdepCC_FALSE='#'
am__fastdepCC_TRUE=''
am__include='include'
am__isrc=''
am__leading_dot='.'
am__nodep='_no'
am__quote=''
am__tar='$${TAR-tar} chof - "$$tardir"'
am__untar='$${TAR-tar} xf -'
bindir='${exec_prefix}/bin'
build='x86_64-apple-darwin13.2.0'
build_alias=''
build_cpu='x86_64'
build_os='darwin13.2.0'
build_vendor='apple'
datadir='${datarootdir}'
datarootdir='${prefix}/share'
docdir='${datarootdir}/doc/${PACKAGE}'
dvidir='${docdir}'
exec_prefix='NONE'
host='x86_64-apple-darwin13.2.0'
host_alias=''
host_cpu='x86_64'
host_os='darwin13.2.0'
host_vendor='apple'
htmldir='${docdir}'
includedir='${prefix}/include'
infodir='${datarootdir}/info'
install_sh='${SHELL} /Users/ryanphillips/Github/music_gen/fluidsynth/install-sh'
libdir='${exec_prefix}/lib'
libexecdir='${exec_prefix}/libexec'
localedir='${datarootdir}/locale'
localstatedir='${prefix}/var'
mandir='${datarootdir}/man'
mkdir_p='$(top_builddir)/./install-sh -c -d'
oldincludedir='/usr/include'
pdfdir='${docdir}'
prefix='NONE'
program_transform_name='s,x,x,'
psdir='${docdir}'
sbindir='${exec_prefix}/sbin'
sharedstatedir='${prefix}/com'
sysconfdir='${prefix}/etc'
target_alias=''

## ----------- ##
## confdefs.h. ##
## ----------- ##

/* confdefs.h */
#define PACKAGE_NAME ""
#define PACKAGE_TARNAME ""
#define PACKAGE_VERSION ""
#define PACKAGE_STRING ""
#define PACKAGE_BUGREPORT ""
#define PACKAGE_URL ""
#define PACKAGE "fluidsynth"
#define VERSION "1.1.6"
#define STDC_HEADERS 1
#define HAVE_SYS_TYPES_H 1
#define HAVE_SYS_STAT_H 1
#define HAVE_STDLIB_H 1
#define HAVE_STRING_H 1
#define HAVE_MEMORY_H 1
#define HAVE_STRINGS_H 1
#define HAVE_INTTYPES_H 1
#define HAVE_STDINT_H 1
#define HAVE_UNISTD_H 1
#define HAVE_DLFCN_H 1
#define LT_OBJDIR ".libs/"
#define HAVE_LIBPTHREAD 1
#define STDC_HEADERS 1
#define HAVE_STRING_H 1
#define HAVE_STDLIB_H 1
#define HAVE_STDIO_H 1
#define HAVE_MATH_H 1
#define HAVE_ERRNO_H 1
#define HAVE_STDARG_H 1
#define HAVE_UNISTD_H 1
#define HAVE_SYS_MMAN_H 1
#define HAVE_SYS_TYPES_H 1
#define HAVE_SYS_TIME_H 1
#define HAVE_SYS_STAT_H 1
#define HAVE_FCNTL_H 1
#define HAVE_SYS_SOCKET_H 1
#define HAVE_NETINET_IN_H 1
#define HAVE_NETINET_TCP_H 1
#define HAVE_ARPA_INET_H 1
#define HAVE_LIMITS_H 1
#define HAVE_PTHREAD_H 1
#define HAVE_SIGNAL_H 1
#define DARWIN 1
#define WITH_FLOAT 1
#define DEBUG 0

configure: exit 1
