0 info it worked if it ends with ok
1 verbose cli [ 'node', '/usr/local/bin/npm', 'cache', 'clean' ]
2 info using npm@1.4.21
3 info using node@v0.10.30
4 verbose config Skipping project config: /Users/ryanphillips/.npmrc. (matches userconfig)
5 error Error: EACCES, unlink '/Users/ryanphillips/.npm/after/0.8.1'
5 error  { [Error: EACCES, unlink '/Users/ryanphillips/.npm/after/0.8.1']
5 error   errno: 3,
5 error   code: 'EACCES',
5 error   path: '/Users/ryanphillips/.npm/after/0.8.1' }
6 error Please try running this command again as root/Administrator.
7 error System Darwin 14.3.0
8 error command "node" "/usr/local/bin/npm" "cache" "clean"
9 error cwd /Users/ryanphillips/Github/music_gen/SRC
10 error node -v v0.10.30
11 error npm -v 1.4.21
12 error path /Users/ryanphillips/.npm/after/0.8.1
13 error code EACCES
14 error errno 3
15 error stack Error: EACCES, unlink '/Users/ryanphillips/.npm/after/0.8.1'
16 verbose exit [ 3, true ]
